[2025-09-16 17-54-31] PHP Warning: Undefined variable $hasAnalyticsConsent in /data/web/virtuals/380391/virtual/temp/cache/latte/app-Presentation-@layout.latte--a8834e0e58.php:59  @  https://tvfordeaf.com/xmlrpc.php 
[2025-09-16 17-54-31] PHP User Warning: Invalid link: Cannot load presenter 'Error:Home', class 'App\Presentation\Error\Home\HomePresenter' was not found. in /data/web/virtuals/380391/virtual/vendor/nette/application/src/Application/UI/Presenter.php:842  @  https://tvfordeaf.com/xmlrpc.php 
[2025-09-16 17-54-31] PHP User Warning: Invalid link: Cannot load presenter 'Error:Home', class 'App\Presentation\Error\Home\HomePresenter' was not found. in /data/web/virtuals/380391/virtual/vendor/nette/application/src/Application/UI/Presenter.php:842  @  https://tvfordeaf.com/xmlrpc.php 
[2025-09-16 17-54-31] PHP Warning: Undefined variable $cookiesAccepted in /data/web/virtuals/380391/virtual/temp/cache/latte/app-Presentation-@layout.latte--a8834e0e58.php:97  @  https://tvfordeaf.com/xmlrpc.php 
[2025-09-16 17-54-31] PHP User Warning: Invalid link: Unknown signal 'acceptCookies', missing handler App\Presentation\Error\Error4xx\Error4xxPresenter::handleacceptCookies() in /data/web/virtuals/380391/virtual/vendor/nette/application/src/Application/UI/Presenter.php:842  @  https://tvfordeaf.com/xmlrpc.php 
[2025-09-16 17-54-31] PHP User Warning: Invalid link: Unknown signal 'moreInfo', missing handler App\Presentation\Error\Error4xx\Error4xxPresenter::handlemoreInfo() in /data/web/virtuals/380391/virtual/vendor/nette/application/src/Application/UI/Presenter.php:842  @  https://tvfordeaf.com/xmlrpc.php 
[2025-09-17 02-04-52] PHP Warning: Undefined variable $hasAnalyticsConsent in /data/web/virtuals/380391/virtual/temp/cache/latte/app-Presentation-@layout.latte--a8834e0e58.php:59  @  http://tvfordeaf.com/wordpress/wp-admin/setup-config.php 
[2025-09-17 02-04-52] PHP User Warning: Invalid link: Cannot load presenter 'Error:Home', class 'App\Presentation\Error\Home\HomePresenter' was not found. in /data/web/virtuals/380391/virtual/vendor/nette/application/src/Application/UI/Presenter.php:842  @  http://tvfordeaf.com/wordpress/wp-admin/setup-config.php 
[2025-09-17 02-04-52] PHP User Warning: Invalid link: Cannot load presenter 'Error:Home', class 'App\Presentation\Error\Home\HomePresenter' was not found. in /data/web/virtuals/380391/virtual/vendor/nette/application/src/Application/UI/Presenter.php:842  @  http://tvfordeaf.com/wordpress/wp-admin/setup-config.php 
[2025-09-17 02-04-52] PHP Warning: Undefined variable $cookiesAccepted in /data/web/virtuals/380391/virtual/temp/cache/latte/app-Presentation-@layout.latte--a8834e0e58.php:97  @  http://tvfordeaf.com/wordpress/wp-admin/setup-config.php 
[2025-09-17 02-04-52] PHP User Warning: Invalid link: Unknown signal 'acceptCookies', missing handler App\Presentation\Error\Error4xx\Error4xxPresenter::handleacceptCookies() in /data/web/virtuals/380391/virtual/vendor/nette/application/src/Application/UI/Presenter.php:842  @  http://tvfordeaf.com/wordpress/wp-admin/setup-config.php 
[2025-09-17 02-04-52] PHP User Warning: Invalid link: Unknown signal 'moreInfo', missing handler App\Presentation\Error\Error4xx\Error4xxPresenter::handlemoreInfo() in /data/web/virtuals/380391/virtual/vendor/nette/application/src/Application/UI/Presenter.php:842  @  http://tvfordeaf.com/wordpress/wp-admin/setup-config.php 
[2025-09-17 02-05-01] PHP Warning: Undefined variable $hasAnalyticsConsent in /data/web/virtuals/380391/virtual/temp/cache/latte/app-Presentation-@layout.latte--a8834e0e58.php:59  @  https://tvfordeaf.com/wordpress/wp-admin/setup-config.php 
[2025-09-17 02-05-01] PHP User Warning: Invalid link: Cannot load presenter 'Error:Home', class 'App\Presentation\Error\Home\HomePresenter' was not found. in /data/web/virtuals/380391/virtual/vendor/nette/application/src/Application/UI/Presenter.php:842  @  https://tvfordeaf.com/wordpress/wp-admin/setup-config.php 
[2025-09-17 02-05-01] PHP User Warning: Invalid link: Cannot load presenter 'Error:Home', class 'App\Presentation\Error\Home\HomePresenter' was not found. in /data/web/virtuals/380391/virtual/vendor/nette/application/src/Application/UI/Presenter.php:842  @  https://tvfordeaf.com/wordpress/wp-admin/setup-config.php 
[2025-09-17 02-05-01] PHP Warning: Undefined variable $cookiesAccepted in /data/web/virtuals/380391/virtual/temp/cache/latte/app-Presentation-@layout.latte--a8834e0e58.php:97  @  https://tvfordeaf.com/wordpress/wp-admin/setup-config.php 
[2025-09-17 02-05-01] PHP User Warning: Invalid link: Unknown signal 'acceptCookies', missing handler App\Presentation\Error\Error4xx\Error4xxPresenter::handleacceptCookies() in /data/web/virtuals/380391/virtual/vendor/nette/application/src/Application/UI/Presenter.php:842  @  https://tvfordeaf.com/wordpress/wp-admin/setup-config.php 
[2025-09-17 02-05-01] PHP User Warning: Invalid link: Unknown signal 'moreInfo', missing handler App\Presentation\Error\Error4xx\Error4xxPresenter::handlemoreInfo() in /data/web/virtuals/380391/virtual/vendor/nette/application/src/Application/UI/Presenter.php:842  @  https://tvfordeaf.com/wordpress/wp-admin/setup-config.php 
[2025-09-17 07-21-58] PHP Warning: Undefined variable $hasAnalyticsConsent in /data/web/virtuals/380391/virtual/temp/cache/latte/app-Presentation-@layout.latte--a8834e0e58.php:59  @  https://tvfordeaf.com/ads.txt 
[2025-09-17 07-21-58] PHP User Warning: Invalid link: Cannot load presenter 'Error:Home', class 'App\Presentation\Error\Home\HomePresenter' was not found. in /data/web/virtuals/380391/virtual/vendor/nette/application/src/Application/UI/Presenter.php:842  @  https://tvfordeaf.com/ads.txt 
[2025-09-17 07-21-58] PHP User Warning: Invalid link: Cannot load presenter 'Error:Home', class 'App\Presentation\Error\Home\HomePresenter' was not found. in /data/web/virtuals/380391/virtual/vendor/nette/application/src/Application/UI/Presenter.php:842  @  https://tvfordeaf.com/ads.txt 
[2025-09-17 07-21-58] PHP Warning: Undefined variable $cookiesAccepted in /data/web/virtuals/380391/virtual/temp/cache/latte/app-Presentation-@layout.latte--a8834e0e58.php:97  @  https://tvfordeaf.com/ads.txt 
[2025-09-17 07-21-58] PHP User Warning: Invalid link: Unknown signal 'acceptCookies', missing handler App\Presentation\Error\Error4xx\Error4xxPresenter::handleacceptCookies() in /data/web/virtuals/380391/virtual/vendor/nette/application/src/Application/UI/Presenter.php:842  @  https://tvfordeaf.com/ads.txt 
[2025-09-17 07-21-58] PHP User Warning: Invalid link: Unknown signal 'moreInfo', missing handler App\Presentation\Error\Error4xx\Error4xxPresenter::handlemoreInfo() in /data/web/virtuals/380391/virtual/vendor/nette/application/src/Application/UI/Presenter.php:842  @  https://tvfordeaf.com/ads.txt 
